<?xml version="1.0" encoding="UTF-8" standalone="yes"?><!DOCTYPE report PUBLIC "-//JACOCO//DTD Report 1.0//EN" "report.dtd"><report name="JMXProxy"><sessioninfo id="testing-docker-fcaf49c5-ca7b-4c66-91ea-0c6906bb2d74-e4acabdc" start="1483400064048" dump="1483400117750"/><sessioninfo id="testing-docker-fcaf49c5-ca7b-4c66-91ea-0c6906bb2d74-a4963d08" start="1483400118420" dump="1483400123581"/><sessioninfo id="testing-docker-fcaf49c5-ca7b-4c66-91ea-0c6906bb2d74-eb880041" start="1483400124260" dump="1483400124866"/><sessioninfo id="testing-docker-fcaf49c5-ca7b-4c66-91ea-0c6906bb2d74-20fdbb2" start="1483400125528" dump="1483400133078"/><sessioninfo id="testing-docker-fcaf49c5-ca7b-4c66-91ea-0c6906bb2d74-42907ae5" start="1483400133733" dump="1483400134350"/><sessioninfo id="testing-docker-fcaf49c5-ca7b-4c66-91ea-0c6906bb2d74-b4650352" start="1483400134989" dump="1483400136221"/><sessioninfo id="testing-docker-fcaf49c5-ca7b-4c66-91ea-0c6906bb2d74-10ac2f41" start="1483400136869" dump="1483400139993"/><sessioninfo id="testing-docker-fcaf49c5-ca7b-4c66-91ea-0c6906bb2d74-b463b080" start="1483400140701" dump="1483400204839"/><sessioninfo id="testing-docker-fcaf49c5-ca7b-4c66-91ea-0c6906bb2d74-29ed97b1" start="1483400205536" dump="1483400210529"/><sessioninfo id="testing-docker-fcaf49c5-ca7b-4c66-91ea-0c6906bb2d74-28f26ae1" start="1483400211193" dump="1483400211782"/><sessioninfo id="testing-docker-fcaf49c5-ca7b-4c66-91ea-0c6906bb2d74-ea46def9" start="1483400212579" dump="1483400220336"/><sessioninfo id="testing-docker-fcaf49c5-ca7b-4c66-91ea-0c6906bb2d74-d32c9eb4" start="1483400220985" dump="1483400221624"/><sessioninfo id="testing-docker-fcaf49c5-ca7b-4c66-91ea-0c6906bb2d74-922c29bd" start="1483400222226" dump="1483400223499"/><sessioninfo id="testing-docker-fcaf49c5-ca7b-4c66-91ea-0c6906bb2d74-62f8cf76" start="1483400224146" dump="1483400227393"/></report>